2024-07-02 18:09:21 [INFO] AnycubicPhotonWorkshop start!
2024-07-02 18:09:21 [INFO] argc:  2
2024-07-02 18:09:21 [WARN] "C:/Program Files/AnycubicPhotonWorkshop"
2024-07-02 18:09:21 [WARN] Successfully init crashpad
2024-07-02 18:09:21 [WARN] Unable to enumerate family ' "Alibaba PuHuiTi 3.0 55 Regular L3" '
2024-07-02 18:09:21 [WARN] Unable to enumerate family ' "Alibaba PuHuiTi 3.0 95 ExtraBold" '
2024-07-02 18:09:21 [INFO] ctk manager plugins:  "C:/Program Files/AnycubicPhotonWorkshop/plugins/"
2024-07-02 18:09:22 [INFO] Load plugin org.commontk.eventadmin success.
2024-07-02 18:09:22 [INFO] [Install Plugin] "C:/Program Files/AnycubicPhotonWorkshop/plugins/splashwindow.dll"
2024-07-02 18:09:22 [INFO] Install Plugin Success!
2024-07-02 18:09:22 [WARN] Unable to enumerate family ' "Alibaba PuHuiTi 3.0 55 Regular L3" '
2024-07-02 18:09:22 [WARN] Unable to enumerate family ' "Alibaba PuHuiTi 3.0 95 ExtraBold" '
2024-07-02 18:09:23 [INFO] [Install Plugin] "C:/Program Files/AnycubicPhotonWorkshop/plugins/printer.dll"
2024-07-02 18:09:23 [INFO] Install Plugin Success!
2024-07-02 18:09:23 [FATAL] readDataFromFile (C:/Program Files/AnycubicPhotonWorkshop/machine_type/Anycubic Photon Mono M7.pwsp) is error.
2024-07-02 18:09:23 [FATAL] loadFactoryMachine factory market Anycubic Photon Mono M7 msg retcode -1, msg retmsg: 
2024-07-02 18:09:23 [WARN] loadMachineResin currentPrinter(Anycubic Photon Mono X 6Ks) init success.
2024-07-02 18:09:23 [INFO] loadMachineParamRange is success.
2024-07-02 18:09:23 [INFO] loadMachineResinType is success.
2024-07-02 18:09:23 [INFO] loadMachineResinName is success.
2024-07-02 18:09:23 [INFO] [Install Plugin] "C:/Program Files/AnycubicPhotonWorkshop/plugins/mainwindow.dll"
2024-07-02 18:09:23 [INFO] Install Plugin Success!
2024-07-02 18:09:23 [INFO] "current server is testserver. 0"
2024-07-02 18:09:23 [INFO] QVariant(QByteArray, "mqtt.anycubic.com")
2024-07-02 18:09:23 [INFO] QVariant(QByteArray, "mqtt-universe.anycubic.com")
2024-07-02 18:09:23 [INFO] QVariant(QByteArray, "8883")
2024-07-02 18:09:23 [INFO] QVariant(QByteArray, "8883")
2024-07-02 18:09:23 [INFO] "environment_url is https://workbentch.s3.us-east-2.amazonaws.com/workshop/environment.ini"
2024-07-02 18:09:23 [INFO] QmlFactory 0.135 s
2024-07-02 18:09:23 [INFO] [Install Plugin] "C:/Program Files/AnycubicPhotonWorkshop/plugins/autoupdater.dll"
2024-07-02 18:09:23 [INFO] Install Plugin Success!
2024-07-02 18:09:24 [INFO] [Install Plugin] "C:/Program Files/AnycubicPhotonWorkshop/plugins/gareport.dll"
2024-07-02 18:09:24 [INFO] Install Plugin Success!
2024-07-02 18:09:24 [INFO] [Install Plugin] "C:/Program Files/AnycubicPhotonWorkshop/plugins/accloud.dll"
2024-07-02 18:09:24 [INFO] Install Plugin Success!
2024-07-02 18:09:24 [WARN] void __cdecl ACCloudNetRequest::init(void), cn_server = mqtt.anycubic.com, cn_server_port = 8883, en_server = mqtt-universe.anycubic.com, en_server_port = 8883, url = https://cloud-universe.anycubic.com/p/p/workbench/api
2024-07-02 18:09:24 [WARN] CountriesDataModel::setCurrCountryIdn, newCurrCountryIdn = CN
2024-07-02 18:09:24 [WARN] void __cdecl ACCloudNetRequest::getCountries(void)
2024-07-02 18:09:24 [WARN] void __cdecl ACCloudNetRequest::getPrintCtrlCodeReasons(void)
2024-07-02 18:09:24 [WARN] ACCloudManager::ACCloudManager, cloud model, build_time = 2024-04-26 17:28:45, git_brance = feat/casdoor, git_hash = 6b20758, git_commit = 2024-04-26
2024-07-02 18:09:24 [INFO] [Install Plugin] "C:/Program Files/AnycubicPhotonWorkshop/plugins/facegen.dll"
2024-07-02 18:09:24 [INFO] Install Plugin Success!
2024-07-02 18:09:24 [WARN] Translation::changedSystemLanguage, language = 0
2024-07-02 18:09:24 [WARN] register  GizmoController
2024-07-02 18:09:25 [WARN] void __cdecl EventMiniHandlerCallback::event(const struct ReasonResponse *,unsigned int)
2024-07-02 18:09:26 [WARN] enableMenuShortcut menushort cut: 0
2024-07-02 18:09:26 [INFO] uiState:  false
2024-07-02 18:09:26 [WARN] enableMenuShortcut menushort cut: 0
2024-07-02 18:09:26 [WARN] QFSFileEngine::open: No file name specified
2024-07-02 18:09:26 [WARN] Cannot open file '', because: No file name specified
2024-07-02 18:09:26 [WARN] QFSFileEngine::open: No file name specified
2024-07-02 18:09:26 [WARN] Cannot open file '', because: No file name specified
2024-07-02 18:09:26 [WARN] QFSFileEngine::open: No file name specified
2024-07-02 18:09:26 [WARN] Cannot open file '', because: No file name specified
2024-07-02 18:09:26 [WARN] QFSFileEngine::open: No file name specified
2024-07-02 18:09:26 [WARN] Cannot open file '', because: No file name specified
2024-07-02 18:09:26 [WARN] QFSFileEngine::open: No file name specified
2024-07-02 18:09:26 [WARN] Cannot open file '', because: No file name specified
2024-07-02 18:09:26 [WARN] QFSFileEngine::open: No file name specified
2024-07-02 18:09:26 [WARN] Cannot open file '', because: No file name specified
2024-07-02 18:09:26 [WARN] QFSFileEngine::open: No file name specified
2024-07-02 18:09:26 [WARN] Cannot open file '', because: No file name specified
2024-07-02 18:09:26 [WARN] QFSFileEngine::open: No file name specified
2024-07-02 18:09:26 [WARN] Cannot open file '', because: No file name specified
2024-07-02 18:09:26 [WARN] xChanged 1
2024-07-02 18:09:26 [INFO] event:  "splash_window_visible" data:  QVariant(bool, false) extentionData:  QVariant(Invalid)
2024-07-02 18:09:26 [INFO] event:  "main_load" data:  QVariant(Invalid) extentionData:  QVariant(Invalid)
2024-07-02 18:09:26 [INFO] event:  "main_language_changed" data:  QVariant(int, 0) extentionData:  QVariant(Invalid)
2024-07-02 18:09:26 [WARN] void __cdecl PrintersDataModel::onReasonResponse(const struct ReasonResponse *,int)
count = 212
2024-07-02 18:09:26 [INFO] uiState:  true
2024-07-02 18:09:26 [WARN] creating renderer
2024-07-02 18:09:26 [WARN] printer valid --:  97.92 61.2
2024-07-02 18:09:26 [WARN] printer build --:  97.92 61.2
2024-07-02 18:09:26 [WARN] deltaX -- :  0
2024-07-02 18:09:26 [WARN] deltaY -- :  0
2024-07-02 18:09:26 [WARN] machine boarder width 2-------------------- 
2024-07-02 18:09:27 [WARN] create planar shadow node
2024-07-02 18:09:27 [WARN] loadGizmoRotationHead OK 576
2024-07-02 18:09:27 [INFO]  camera_manipulator::home
2024-07-02 18:09:27 [INFO]  camera_manipulator::home/ComputeBound
2024-07-02 18:09:27 [INFO]  camera_manipulator::home
2024-07-02 18:09:27 [INFO]  camera_manipulator::home/ComputeBound
2024-07-02 18:09:27 [INFO]  camera_manipulator::home/BoundingSphere
2024-07-02 18:09:27 [INFO]  camera_manipulator::home/udpate_view
2024-07-02 18:09:27 [WARN] GL Verison:  0x22110c84690
2024-07-02 18:09:27 [WARN] GL Renderer:  0x2210877b460
2024-07-02 18:09:27 [WARN] compile shader program ok
2024-07-02 18:09:27 [WARN] compile shader program ok
2024-07-02 18:09:27 [WARN] compile shader program ok
2024-07-02 18:09:27 [WARN] AnyGizmos::Im3d_Init      LoadCompileShader Ok
2024-07-02 18:09:27 [WARN] AnyGizmos::Im3d_Init   VAO release Ok
2024-07-02 18:09:27 [WARN] QFSFileEngine::open: No file name specified
2024-07-02 18:09:27 [WARN] Cannot open file '', because: No file name specified
2024-07-02 18:09:27 [WARN] QFSFileEngine::open: No file name specified
2024-07-02 18:09:27 [WARN] Cannot open file '', because: No file name specified
2024-07-02 18:09:27 [INFO] event:  "updater_init_compeleted" data:  QVariant(Invalid) extentionData:  QVariant(Invalid)
2024-07-02 18:09:27 [WARN] QFSFileEngine::open: No file name specified
2024-07-02 18:09:27 [WARN] Cannot open file '', because: No file name specified
2024-07-02 18:09:27 [WARN] QFSFileEngine::open: No file name specified
2024-07-02 18:09:27 [WARN] Cannot open file '', because: No file name specified
2024-07-02 18:09:27 [WARN] void __cdecl ACCloudNetRequest::getCountries(void)
2024-07-02 18:09:27 [WARN] void __cdecl ACCloudNetRequest::getPrintCtrlCodeReasons(void)
2024-07-02 18:09:27 [INFO] event:  "accloud_start_init" data:  QVariant(int, 0) extentionData:  QVariant(int, 0)
2024-07-02 18:09:27 [INFO] send post data success!
2024-07-02 18:09:27 [INFO] sendData:  "{\n    \"appName\": \"AnycubicPhotonWorkshop_V3.3.2\",\n    \"appVersion\": \"v3.3.2\",\n    \"business\": \"\",\n    \"city\": \"0\",\n    \"country\": \"\xE8\x8A\xAC\xE5\x85\xB0\",\n    \"elementContent\": \"\",\n    \"elementType\": \"\",\n    \"eventName\": \"AppStart\",\n    \"function\": \"\",\n    \"isOverseasVersion\": true,\n    \"module\": \"\",\n    \"pcId\": \"4486111ebd334d2fa5a54230bc33e8e4\",\n    \"printerType\": \"\",\n    \"province\": \"0\",\n    \"timestamp\": 1719932967,\n    \"title\": \"\",\n    \"userId\": 0\n}\n"
2024-07-02 18:09:27 [INFO] parseImportFiles other files: C:\Users\jonas\Aalto\BiogasDigester\katla-control\DigesterControl\lib\README
2024-07-02 18:09:27 [INFO] parseImportFiles other files: C:\Users\jonas\Aalto\BiogasDigester\katla-control\DigesterControl\lib\README
2024-07-02 18:09:27 [WARN] QFSFileEngine::open: No file name specified
2024-07-02 18:09:27 [WARN] Cannot open file '', because: No file name specified
2024-07-02 18:09:27 [INFO] uiState:  false
2024-07-02 18:09:27 [WARN] enableMenuShortcut menushort cut: 32
2024-07-02 18:09:27 [INFO] "doReportImportModelResult!"
2024-07-02 18:09:27 [INFO] event:  "ga_report" data:  QVariant(QByteArray, "{\n    \"business\": \"model_prepare\",\n    \"elementContent\": \"Import Files\",\n    \"elementType\": \"BUTTON\",\n    \"event\": \"ImportModelResult\",\n    \"function\": \"import_model\",\n    \"module\": \"menu_bar\",\n    \"printerType\": \"LCD\",\n    \"title\": \"\"\n}\n") extentionData:  QVariant(QByteArray, "{\n    \"importType\": \"4\",\n    \"modelInformation\": [\n        {\n            \"fileName\": \"README\",\n            \"fileSize\": 1081,\n            \"fileType\": \"\",\n            \"isSuccess\": 1\n        }\n    ],\n    \"numberOfModel\": 1\n}\n")
2024-07-02 18:09:27 [INFO] "start check autoUpdater!"
2024-07-02 18:09:27 [INFO] event:  "updater_check" data:  QVariant(Invalid) extentionData:  QVariant(Invalid)
2024-07-02 18:09:27 [WARN] QFSFileEngine::open: No file name specified
2024-07-02 18:09:27 [WARN] Cannot open file '', because: No file name specified
2024-07-02 18:09:27 [WARN] QFSFileEngine::open: No file name specified
2024-07-02 18:09:27 [WARN] Cannot open file '', because: No file name specified
2024-07-02 18:09:28 [WARN] QFSFileEngine::open: No file name specified
2024-07-02 18:09:28 [WARN] Cannot open file '', because: No file name specified
2024-07-02 18:09:28 [WARN] QFSFileEngine::open: No file name specified
2024-07-02 18:09:28 [WARN] Cannot open file '', because: No file name specified
2024-07-02 18:09:28 [WARN] QFSFileEngine::open: No file name specified
2024-07-02 18:09:28 [WARN] Cannot open file '', because: No file name specified
2024-07-02 18:09:28 [WARN] QFSFileEngine::open: No file name specified
2024-07-02 18:09:28 [WARN] Cannot open file '', because: No file name specified
2024-07-02 18:09:28 [WARN] QFSFileEngine::open: No file name specified
2024-07-02 18:09:28 [WARN] Cannot open file '', because: No file name specified
2024-07-02 18:09:28 [WARN] QFSFileEngine::open: No file name specified
2024-07-02 18:09:28 [WARN] Cannot open file '', because: No file name specified
2024-07-02 18:09:28 [WARN] QFSFileEngine::open: No file name specified
2024-07-02 18:09:28 [WARN] Cannot open file '', because: No file name specified
2024-07-02 18:09:28 [WARN] QFSFileEngine::open: No file name specified
2024-07-02 18:09:28 [WARN] Cannot open file '', because: No file name specified
2024-07-02 18:09:28 [WARN] QFSFileEngine::open: No file name specified
2024-07-02 18:09:28 [WARN] Cannot open file '', because: No file name specified
2024-07-02 18:09:28 [WARN] QFSFileEngine::open: No file name specified
2024-07-02 18:09:28 [WARN] Cannot open file '', because: No file name specified
2024-07-02 18:09:28 [WARN] QFSFileEngine::open: No file name specified
2024-07-02 18:09:28 [WARN] Cannot open file '', because: No file name specified
2024-07-02 18:09:28 [WARN] QFSFileEngine::open: No file name specified
2024-07-02 18:09:28 [WARN] Cannot open file '', because: No file name specified
2024-07-02 18:09:28 [WARN] QFSFileEngine::open: No file name specified
2024-07-02 18:09:28 [WARN] Cannot open file '', because: No file name specified
2024-07-02 18:09:28 [WARN] QFSFileEngine::open: No file name specified
2024-07-02 18:09:28 [WARN] Cannot open file '', because: No file name specified
2024-07-02 18:09:28 [WARN] QFSFileEngine::open: No file name specified
2024-07-02 18:09:28 [WARN] Cannot open file '', because: No file name specified
2024-07-02 18:09:28 [WARN] QFSFileEngine::open: No file name specified
2024-07-02 18:09:28 [WARN] Cannot open file '', because: No file name specified
2024-07-02 18:09:28 [WARN] QFSFileEngine::open: No file name specified
2024-07-02 18:09:28 [WARN] Cannot open file '', because: No file name specified
2024-07-02 18:09:28 [WARN] QFSFileEngine::open: No file name specified
2024-07-02 18:09:28 [WARN] Cannot open file '', because: No file name specified
2024-07-02 18:09:28 [WARN] QFSFileEngine::open: No file name specified
2024-07-02 18:09:28 [WARN] Cannot open file '', because: No file name specified
2024-07-02 18:09:28 [WARN] QFSFileEngine::open: No file name specified
2024-07-02 18:09:28 [WARN] Cannot open file '', because: No file name specified
2024-07-02 18:09:28 [WARN] void __cdecl EventMiniHandlerCallback::event(const struct ReasonResponse *,unsigned int)
2024-07-02 18:09:28 [WARN] QFSFileEngine::open: No file name specified
2024-07-02 18:09:28 [WARN] Cannot open file '', because: No file name specified
2024-07-02 18:09:28 [WARN] QFSFileEngine::open: No file name specified
2024-07-02 18:09:28 [WARN] Cannot open file '', because: No file name specified
2024-07-02 18:09:28 [WARN] QFSFileEngine::open: No file name specified
2024-07-02 18:09:28 [WARN] Cannot open file '', because: No file name specified
2024-07-02 18:09:28 [WARN] QFSFileEngine::open: No file name specified
2024-07-02 18:09:28 [WARN] Cannot open file '', because: No file name specified
2024-07-02 18:09:28 [INFO] sendData:  "{\n    \"appName\": \"AnycubicPhotonWorkshop_V3.3.2\",\n    \"appVersion\": \"v3.3.2\",\n    \"business\": \"\",\n    \"city\": \"0\",\n    \"country\": \"\xE8\x8A\xAC\xE5\x85\xB0\",\n    \"elementContent\": \"\",\n    \"elementType\": \"\",\n    \"eventName\": \"ImportModelResult\",\n    \"function\": \"\",\n    \"isOverseasVersion\": true,\n    \"module\": \"\",\n    \"pcId\": \"4486111ebd334d2fa5a54230bc33e8e4\",\n    \"printerType\": \"\",\n    \"province\": \"0\",\n    \"timestamp\": 1719932968,\n    \"title\": \"\",\n    \"userId\": 0\n}\n"
2024-07-02 18:09:28 [WARN] void __cdecl PrintersDataModel::onReasonResponse(const struct ReasonResponse *,int)
count = 212
2024-07-02 18:09:29 [INFO] send post data success!
2024-07-02 18:09:29 [INFO] uiState:  true
2024-07-02 18:09:29 [WARN] enableMenuShortcut menushort cut: 0
2024-07-02 18:09:29 [INFO] send post data success!
2024-07-02 18:09:30 [INFO] scene modifyed:  false
2024-07-02 18:09:30 [INFO] save support file is success!
2024-07-02 18:09:31 [INFO] AnycubicPhotonWorkshop end!
2024-07-02 18:09:31 [WARN] QThreadStorage: Thread 0x221058b5450 exited after QThreadStorage 7 destroyed
